<?xml version="1.0" encoding="UTF-8"?>
<coverage generated="1761910446323" clover="3.2.0">
  <project timestamp="1761910446324" name="All files">
    <metrics statements="12" coveredstatements="11" conditionals="8" coveredconditionals="7" methods="4" coveredmethods="3" elements="24" coveredelements="21" complexity="0" loc="12" ncloc="12" packages="1" files="2" classes="2"/>
    <file name="app.js" path="C:\Users\HASSAN\Desktop\simple-node-app\app.js">
      <metrics statements="7" coveredstatements="6" conditionals="2" coveredconditionals="1" methods="2" coveredmethods="1"/>
      <line num="1" count="1" type="stmt"/>
      <line num="2" count="1" type="stmt"/>
      <line num="4" count="1" type="stmt"/>
      <line num="5" count="1" type="stmt"/>
      <line num="8" count="1" type="stmt"/>
      <line num="10" count="1" type="cond" truecount="1" falsecount="1"/>
      <line num="11" count="0" type="stmt"/>
    </file>
    <file name="math.js" path="C:\Users\HASSAN\Desktop\simple-node-app\math.js">
      <metrics statements="5" coveredstatements="5" conditionals="6" coveredconditionals="6" methods="2" coveredmethods="2"/>
      <line num="3" count="2" type="cond" truecount="4" falsecount="0"/>
      <line num="4" count="1" type="stmt"/>
      <line num="8" count="2" type="cond" truecount="2" falsecount="0"/>
      <line num="9" count="1" type="stmt"/>
      <line num="12" count="1" type="stmt"/>
    </file>
  </project>
</coverage>
